<?xml version="1.0" encoding="UTF-8"?>
<!-- Generated by org.testng.reporters.JUnitXMLReporter -->
<testsuite hostname="cumupunws126" ignored="0" name="Default test" tests="3" failures="0" timestamp="03 Jun 2019 09:49:06 GMT" time="0.03" errors="0">
  <testcase name="test" time="0.004" classname="learnTestNG.TestLifeCycle"/>
  <testcase name="test1" time="0.001" classname="learnTestNG.TestLifeCycle"/>
  <testcase name="test2" time="0.002" classname="learnTestNG.TestLifeCycle"/>
</testsuite> <!-- Default test -->
